<?xml version="1.0" encoding="UTF-8"?>
<testsuite name="linter.AppTest" tests="1" skipped="0" failures="0" errors="0" timestamp="2020-01-09T20:47:45" hostname="38f9d3566dcc.ant.amazon.com" time="0.001">
  <properties/>
  <testcase name="testFileGate" classname="linter.AppTest" time="0.001"/>
  <system-out><![CDATA[]]></system-out>
  <system-err><![CDATA[]]></system-err>
</testsuite>
